Determining if the function pthread_create exists in the pthreads failed with the following output:
Change Dir: /home/fellipe/osg/CMakeFiles/CMakeTmp

Run Build Command:/usr/bin/make "cmTryCompileExec/fast"
/usr/bin/make -f CMakeFiles/cmTryCompileExec.dir/build.make CMakeFiles/cmTryCompileExec.dir/build
make[1]: Entering directory `/home/fellipe/osg/CMakeFiles/CMakeTmp'
/usr/bin/cmake -E cmake_progress_report /home/fellipe/osg/CMakeFiles/CMakeTmp/CMakeFiles 1
Building C object CMakeFiles/cmTryCompileExec.dir/CheckFunctionExists.c.o
/usr/bin/gcc   -DCHECK_FUNCTION_EXISTS=pthread_create   -o CMakeFiles/cmTryCompileExec.dir/CheckFunctionExists.c.o   -c /usr/share/cmake-2.8/Modules/CheckFunctionExists.c
Linking C executable cmTryCompileExec
/usr/bin/cmake -E cmake_link_script CMakeFiles/cmTryCompileExec.dir/link.txt --verbose=1
/usr/bin/gcc     -DCHECK_FUNCTION_EXISTS=pthread_create    CMakeFiles/cmTryCompileExec.dir/CheckFunctionExists.c.o  -o cmTryCompileExec -rdynamic -lpthreads 
/usr/bin/ld: cannot find -lpthreads
collect2: ld returned 1 exit status
make[1]: Leaving directory `/home/fellipe/osg/CMakeFiles/CMakeTmp'
make[1]: *** [cmTryCompileExec] Error 1
make: *** [cmTryCompileExec/fast] Error 2


Determining if the Q_WS_WIN exist failed with the following output:
Change Dir: /home/fellipe/osg/CMakeFiles/CMakeTmp

Run Build Command:/usr/bin/make "cmTryCompileExec/fast"
/usr/bin/make -f CMakeFiles/cmTryCompileExec.dir/build.make CMakeFiles/cmTryCompileExec.dir/build
make[1]: Entering directory `/home/fellipe/osg/CMakeFiles/CMakeTmp'
/usr/bin/cmake -E cmake_progress_report /home/fellipe/osg/CMakeFiles/CMakeTmp/CMakeFiles 1
Building CXX object CMakeFiles/cmTryCompileExec.dir/CheckSymbolExists.cxx.o
/usr/bin/c++    -I/usr/include/qt4    -o CMakeFiles/cmTryCompileExec.dir/CheckSymbolExists.cxx.o -c /home/fellipe/osg/CMakeFiles/CMakeTmp/CheckSymbolExists.cxx
/home/fellipe/osg/CMakeFiles/CMakeTmp/CheckSymbolExists.cxx: In function ‘int main()’:
/home/fellipe/osg/CMakeFiles/CMakeTmp/CheckSymbolExists.cxx:8:25: error: ‘Q_WS_WIN’ was not declared in this scope
make[1]: Leaving directory `/home/fellipe/osg/CMakeFiles/CMakeTmp'
make[1]: *** [CMakeFiles/cmTryCompileExec.dir/CheckSymbolExists.cxx.o] Error 1
make: *** [cmTryCompileExec/fast] Error 2

File /home/fellipe/osg/CMakeFiles/CMakeTmp/CheckSymbolExists.cxx:
/* */
#include <QtCore/qglobal.h>

void cmakeRequireSymbol(int dummy,...){(void)dummy;}
int main()
{
#ifndef Q_WS_WIN
  cmakeRequireSymbol(0,&Q_WS_WIN);
#endif
  return 0;
}

Determining if the Q_WS_QWS exist failed with the following output:
Change Dir: /home/fellipe/osg/CMakeFiles/CMakeTmp

Run Build Command:/usr/bin/make "cmTryCompileExec/fast"
/usr/bin/make -f CMakeFiles/cmTryCompileExec.dir/build.make CMakeFiles/cmTryCompileExec.dir/build
make[1]: Entering directory `/home/fellipe/osg/CMakeFiles/CMakeTmp'
/usr/bin/cmake -E cmake_progress_report /home/fellipe/osg/CMakeFiles/CMakeTmp/CMakeFiles 1
Building CXX object CMakeFiles/cmTryCompileExec.dir/CheckSymbolExists.cxx.o
/usr/bin/c++    -I/usr/include/qt4    -o CMakeFiles/cmTryCompileExec.dir/CheckSymbolExists.cxx.o -c /home/fellipe/osg/CMakeFiles/CMakeTmp/CheckSymbolExists.cxx
/home/fellipe/osg/CMakeFiles/CMakeTmp/CheckSymbolExists.cxx: In function ‘int main()’:
/home/fellipe/osg/CMakeFiles/CMakeTmp/CheckSymbolExists.cxx:8:25: error: ‘Q_WS_QWS’ was not declared in this scope
make[1]: Leaving directory `/home/fellipe/osg/CMakeFiles/CMakeTmp'
make[1]: *** [CMakeFiles/cmTryCompileExec.dir/CheckSymbolExists.cxx.o] Error 1
make: *** [cmTryCompileExec/fast] Error 2

File /home/fellipe/osg/CMakeFiles/CMakeTmp/CheckSymbolExists.cxx:
/* */
#include <QtCore/qglobal.h>

void cmakeRequireSymbol(int dummy,...){(void)dummy;}
int main()
{
#ifndef Q_WS_QWS
  cmakeRequireSymbol(0,&Q_WS_QWS);
#endif
  return 0;
}

Determining if the Q_WS_MAC exist failed with the following output:
Change Dir: /home/fellipe/osg/CMakeFiles/CMakeTmp

Run Build Command:/usr/bin/make "cmTryCompileExec/fast"
/usr/bin/make -f CMakeFiles/cmTryCompileExec.dir/build.make CMakeFiles/cmTryCompileExec.dir/build
make[1]: Entering directory `/home/fellipe/osg/CMakeFiles/CMakeTmp'
/usr/bin/cmake -E cmake_progress_report /home/fellipe/osg/CMakeFiles/CMakeTmp/CMakeFiles 1
Building CXX object CMakeFiles/cmTryCompileExec.dir/CheckSymbolExists.cxx.o
/usr/bin/c++    -I/usr/include/qt4    -o CMakeFiles/cmTryCompileExec.dir/CheckSymbolExists.cxx.o -c /home/fellipe/osg/CMakeFiles/CMakeTmp/CheckSymbolExists.cxx
/home/fellipe/osg/CMakeFiles/CMakeTmp/CheckSymbolExists.cxx: In function ‘int main()’:
/home/fellipe/osg/CMakeFiles/CMakeTmp/CheckSymbolExists.cxx:8:25: error: ‘Q_WS_MAC’ was not declared in this scope
make[1]: *** [CMakeFiles/cmTryCompileExec.dir/CheckSymbolExists.cxx.o] Error 1
make[1]: Leaving directory `/home/fellipe/osg/CMakeFiles/CMakeTmp'
make: *** [cmTryCompileExec/fast] Error 2

File /home/fellipe/osg/CMakeFiles/CMakeTmp/CheckSymbolExists.cxx:
/* */
#include <QtCore/qglobal.h>

void cmakeRequireSymbol(int dummy,...){(void)dummy;}
int main()
{
#ifndef Q_WS_MAC
  cmakeRequireSymbol(0,&Q_WS_MAC);
#endif
  return 0;
}

Performing C++ SOURCE FILE Test _OPENTHREADS_ATOMIC_USE_MIPOSPRO_BUILTINS failed with the following output:
Change Dir: /home/fellipe/osg/CMakeFiles/CMakeTmp

Run Build Command:/usr/bin/make "cmTryCompileExec/fast"
/usr/bin/make -f CMakeFiles/cmTryCompileExec.dir/build.make CMakeFiles/cmTryCompileExec.dir/build
make[1]: Entering directory `/home/fellipe/osg/CMakeFiles/CMakeTmp'
/usr/bin/cmake -E cmake_progress_report /home/fellipe/osg/CMakeFiles/CMakeTmp/CMakeFiles 1
Building CXX object CMakeFiles/cmTryCompileExec.dir/src.cxx.o
/usr/bin/c++    -Wall -Wparentheses -Wno-long-long -Wno-import -pedantic -Wreturn-type -Wmissing-braces -Wunknown-pragmas -Wunused  -D_OPENTHREADS_ATOMIC_USE_MIPOSPRO_BUILTINS   -o CMakeFiles/cmTryCompileExec.dir/src.cxx.o -c /home/fellipe/osg/CMakeFiles/CMakeTmp/src.cxx
/home/fellipe/osg/CMakeFiles/CMakeTmp/src.cxx: In function ‘int main(int, const char**)’:
/home/fellipe/osg/CMakeFiles/CMakeTmp/src.cxx:8:36: error: ‘__add_and_fetch’ was not declared in this scope
/home/fellipe/osg/CMakeFiles/CMakeTmp/src.cxx:9:30: error: ‘__synchronize’ was not declared in this scope
/home/fellipe/osg/CMakeFiles/CMakeTmp/src.cxx:10:36: error: ‘__sub_and_fetch’ was not declared in this scope
/home/fellipe/osg/CMakeFiles/CMakeTmp/src.cxx:11:47: error: ‘__compare_and_swap’ was not declared in this scope
/home/fellipe/osg/CMakeFiles/CMakeTmp/src.cxx:14:95: error: ‘__compare_and_swap’ was not declared in this scope
make[1]: Leaving directory `/home/fellipe/osg/CMakeFiles/CMakeTmp'
make[1]: *** [CMakeFiles/cmTryCompileExec.dir/src.cxx.o] Error 1
make: *** [cmTryCompileExec/fast] Error 2

Return value: 1
Source file was:

       #include <stdlib.h>

       int main(int, const char**)
       {
          unsigned value = 0;
          void* ptr = &value;
          __add_and_fetch(&value, 1);
          __synchronize(value);
          __sub_and_fetch(&value, 1);
          if (!__compare_and_swap(&value, 0, 1))
             return EXIT_FAILURE;

          if (!__compare_and_swap((unsigned long*)&ptr, (unsigned long)ptr, (unsigned long)ptr))
             return EXIT_FAILURE;

          return EXIT_SUCCESS;
       }
       
Performing C++ SOURCE FILE Test _OPENTHREADS_ATOMIC_USE_SUN failed with the following output:
Change Dir: /home/fellipe/osg/CMakeFiles/CMakeTmp

Run Build Command:/usr/bin/make "cmTryCompileExec/fast"
/usr/bin/make -f CMakeFiles/cmTryCompileExec.dir/build.make CMakeFiles/cmTryCompileExec.dir/build
make[1]: Entering directory `/home/fellipe/osg/CMakeFiles/CMakeTmp'
/usr/bin/cmake -E cmake_progress_report /home/fellipe/osg/CMakeFiles/CMakeTmp/CMakeFiles 1
Building CXX object CMakeFiles/cmTryCompileExec.dir/src.cxx.o
/usr/bin/c++    -Wall -Wparentheses -Wno-long-long -Wno-import -pedantic -Wreturn-type -Wmissing-braces -Wunknown-pragmas -Wunused  -D_OPENTHREADS_ATOMIC_USE_SUN   -o CMakeFiles/cmTryCompileExec.dir/src.cxx.o -c /home/fellipe/osg/CMakeFiles/CMakeTmp/src.cxx
/home/fellipe/osg/CMakeFiles/CMakeTmp/src.cxx:2:27: fatal error: atomic.h: No such file or directory
compilation terminated.
make[1]: Leaving directory `/home/fellipe/osg/CMakeFiles/CMakeTmp'
make[1]: *** [CMakeFiles/cmTryCompileExec.dir/src.cxx.o] Error 1
make: *** [cmTryCompileExec/fast] Error 2

Return value: 1
Source file was:

       #include <atomic.h>
       #include <cstdlib>

       int main(int, const char**)
       {
          uint_t value = 0;
          void* ptr = &value;
          atomic_inc_uint_nv(&value);
          membar_consumer();
          atomic_dec_uint_nv(&value);
          if (0 != atomic_cas_uint(&value, 0, 1))
             return EXIT_FAILURE;

          if (ptr != atomic_cas_ptr(&ptr, ptr, ptr))
             return EXIT_FAILURE;

          return EXIT_SUCCESS;
       }
       
Performing C++ SOURCE FILE Test _OPENTHREADS_ATOMIC_USE_WIN32_INTERLOCKED failed with the following output:
Change Dir: /home/fellipe/osg/CMakeFiles/CMakeTmp

Run Build Command:/usr/bin/make "cmTryCompileExec/fast"
/usr/bin/make -f CMakeFiles/cmTryCompileExec.dir/build.make CMakeFiles/cmTryCompileExec.dir/build
make[1]: Entering directory `/home/fellipe/osg/CMakeFiles/CMakeTmp'
/usr/bin/cmake -E cmake_progress_report /home/fellipe/osg/CMakeFiles/CMakeTmp/CMakeFiles 1
Building CXX object CMakeFiles/cmTryCompileExec.dir/src.cxx.o
/usr/bin/c++    -Wall -Wparentheses -Wno-long-long -Wno-import -pedantic -Wreturn-type -Wmissing-braces -Wunknown-pragmas -Wunused  -D_OPENTHREADS_ATOMIC_USE_WIN32_INTERLOCKED   -o CMakeFiles/cmTryCompileExec.dir/src.cxx.o -c /home/fellipe/osg/CMakeFiles/CMakeTmp/src.cxx
/home/fellipe/osg/CMakeFiles/CMakeTmp/src.cxx:2:28: fatal error: windows.h: No such file or directory
compilation terminated.
make[1]: *** [CMakeFiles/cmTryCompileExec.dir/src.cxx.o] Error 1
make[1]: Leaving directory `/home/fellipe/osg/CMakeFiles/CMakeTmp'
make: *** [cmTryCompileExec/fast] Error 2

Return value: 1
Source file was:

       #include <windows.h>
       #include <intrin.h>
       #include <cstdlib>

       #pragma intrinsic(_InterlockedAnd)
       #pragma intrinsic(_InterlockedOr)
       #pragma intrinsic(_InterlockedXor)

       int main(int, const char**)
       {
          volatile long value = 0;
          long data = 0;
          long* volatile ptr = &data;

          InterlockedIncrement(&value);
          MemoryBarrier();
          InterlockedDecrement(&value);

          if (0 != InterlockedCompareExchange(&value, 1, 0))
             return EXIT_FAILURE;

          if (ptr != InterlockedCompareExchangePointer((PVOID volatile*)&ptr, (PVOID)ptr, (PVOID)ptr))
             return EXIT_FAILURE;

          return EXIT_SUCCESS;
       }
       
Performing C++ SOURCE FILE Test _OPENTHREADS_ATOMIC_USE_BSD_ATOMIC failed with the following output:
Change Dir: /home/fellipe/osg/CMakeFiles/CMakeTmp

Run Build Command:/usr/bin/make "cmTryCompileExec/fast"
/usr/bin/make -f CMakeFiles/cmTryCompileExec.dir/build.make CMakeFiles/cmTryCompileExec.dir/build
make[1]: Entering directory `/home/fellipe/osg/CMakeFiles/CMakeTmp'
/usr/bin/cmake -E cmake_progress_report /home/fellipe/osg/CMakeFiles/CMakeTmp/CMakeFiles 1
Building CXX object CMakeFiles/cmTryCompileExec.dir/src.cxx.o
/usr/bin/c++    -Wall -Wparentheses -Wno-long-long -Wno-import -pedantic -Wreturn-type -Wmissing-braces -Wunknown-pragmas -Wunused  -D_OPENTHREADS_ATOMIC_USE_BSD_ATOMIC   -o CMakeFiles/cmTryCompileExec.dir/src.cxx.o -c /home/fellipe/osg/CMakeFiles/CMakeTmp/src.cxx
/home/fellipe/osg/CMakeFiles/CMakeTmp/src.cxx:2:37: fatal error: libkern/OSAtomic.h: No such file or directory
compilation terminated.
make[1]: *** [CMakeFiles/cmTryCompileExec.dir/src.cxx.o] Error 1
make[1]: Leaving directory `/home/fellipe/osg/CMakeFiles/CMakeTmp'
make: *** [cmTryCompileExec/fast] Error 2

Return value: 1
Source file was:

       #include <libkern/OSAtomic.h>

       int main()
       {
         volatile int32_t value = 0;
         long data = 0;
         long * volatile ptr = &data;

         OSAtomicIncrement32(&value);
         OSMemoryBarrier();
         OSAtomicDecrement32(&value);
         OSAtomicCompareAndSwapInt(value, 1, &value);
         OSAtomicCompareAndSwapPtr(ptr, ptr, (void * volatile *)&ptr);
       }
       
Determining if the function pthread_yield exists failed with the following output:
Change Dir: /home/fellipe/osg/CMakeFiles/CMakeTmp

Run Build Command:/usr/bin/make "cmTryCompileExec/fast"
/usr/bin/make -f CMakeFiles/cmTryCompileExec.dir/build.make CMakeFiles/cmTryCompileExec.dir/build
make[1]: Entering directory `/home/fellipe/osg/CMakeFiles/CMakeTmp'
/usr/bin/cmake -E cmake_progress_report /home/fellipe/osg/CMakeFiles/CMakeTmp/CMakeFiles 1
Building C object CMakeFiles/cmTryCompileExec.dir/CheckFunctionExists.c.o
/usr/bin/gcc   -DCHECK_FUNCTION_EXISTS=pthread_yield   -o CMakeFiles/cmTryCompileExec.dir/CheckFunctionExists.c.o   -c /usr/share/cmake-2.8/Modules/CheckFunctionExists.c
Linking C executable cmTryCompileExec
/usr/bin/cmake -E cmake_link_script CMakeFiles/cmTryCompileExec.dir/link.txt --verbose=1
/usr/bin/gcc     -DCHECK_FUNCTION_EXISTS=pthread_yield    CMakeFiles/cmTryCompileExec.dir/CheckFunctionExists.c.o  -o cmTryCompileExec -rdynamic 
CMakeFiles/cmTryCompileExec.dir/CheckFunctionExists.c.o: In function `main':
CheckFunctionExists.c:(.text+0x15): undefined reference to `pthread_yield'
collect2: ld returned 1 exit status
make[1]: *** [cmTryCompileExec] Error 1
make[1]: Leaving directory `/home/fellipe/osg/CMakeFiles/CMakeTmp'
make: *** [cmTryCompileExec/fast] Error 2


Determining if the function pthread_setconcurrency exists failed with the following output:
Change Dir: /home/fellipe/osg/CMakeFiles/CMakeTmp

Run Build Command:/usr/bin/make "cmTryCompileExec/fast"
/usr/bin/make -f CMakeFiles/cmTryCompileExec.dir/build.make CMakeFiles/cmTryCompileExec.dir/build
make[1]: Entering directory `/home/fellipe/osg/CMakeFiles/CMakeTmp'
/usr/bin/cmake -E cmake_progress_report /home/fellipe/osg/CMakeFiles/CMakeTmp/CMakeFiles 1
Building C object CMakeFiles/cmTryCompileExec.dir/CheckFunctionExists.c.o
/usr/bin/gcc  -D_GNU_SOURCE -DCHECK_FUNCTION_EXISTS=pthread_setconcurrency   -o CMakeFiles/cmTryCompileExec.dir/CheckFunctionExists.c.o   -c /usr/share/cmake-2.8/Modules/CheckFunctionExists.c
Linking C executable cmTryCompileExec
/usr/bin/cmake -E cmake_link_script CMakeFiles/cmTryCompileExec.dir/link.txt --verbose=1
/usr/bin/gcc     -DCHECK_FUNCTION_EXISTS=pthread_setconcurrency    CMakeFiles/cmTryCompileExec.dir/CheckFunctionExists.c.o  -o cmTryCompileExec -rdynamic 
CMakeFiles/cmTryCompileExec.dir/CheckFunctionExists.c.o: In function `main':
CheckFunctionExists.c:(.text+0x15): undefined reference to `pthread_setconcurrency'
collect2: ld returned 1 exit status
make[1]: *** [cmTryCompileExec] Error 1
make[1]: Leaving directory `/home/fellipe/osg/CMakeFiles/CMakeTmp'
make: *** [cmTryCompileExec/fast] Error 2


Determining if the function pthread_getconcurrency exists failed with the following output:
Change Dir: /home/fellipe/osg/CMakeFiles/CMakeTmp

Run Build Command:/usr/bin/make "cmTryCompileExec/fast"
/usr/bin/make -f CMakeFiles/cmTryCompileExec.dir/build.make CMakeFiles/cmTryCompileExec.dir/build
make[1]: Entering directory `/home/fellipe/osg/CMakeFiles/CMakeTmp'
/usr/bin/cmake -E cmake_progress_report /home/fellipe/osg/CMakeFiles/CMakeTmp/CMakeFiles 1
Building C object CMakeFiles/cmTryCompileExec.dir/CheckFunctionExists.c.o
/usr/bin/gcc  -D_GNU_SOURCE -DCHECK_FUNCTION_EXISTS=pthread_getconcurrency   -o CMakeFiles/cmTryCompileExec.dir/CheckFunctionExists.c.o   -c /usr/share/cmake-2.8/Modules/CheckFunctionExists.c
Linking C executable cmTryCompileExec
/usr/bin/cmake -E cmake_link_script CMakeFiles/cmTryCompileExec.dir/link.txt --verbose=1
/usr/bin/gcc     -DCHECK_FUNCTION_EXISTS=pthread_getconcurrency    CMakeFiles/cmTryCompileExec.dir/CheckFunctionExists.c.o  -o cmTryCompileExec -rdynamic 
CMakeFiles/cmTryCompileExec.dir/CheckFunctionExists.c.o: In function `main':
CheckFunctionExists.c:(.text+0x15): undefined reference to `pthread_getconcurrency'
collect2: ld returned 1 exit status
make[1]: Leaving directory `/home/fellipe/osg/CMakeFiles/CMakeTmp'
make[1]: *** [cmTryCompileExec] Error 1
make: *** [cmTryCompileExec/fast] Error 2


Determining if the function pthread_setaffinity_np exists failed with the following output:
Change Dir: /home/fellipe/osg/CMakeFiles/CMakeTmp

Run Build Command:/usr/bin/make "cmTryCompileExec/fast"
/usr/bin/make -f CMakeFiles/cmTryCompileExec.dir/build.make CMakeFiles/cmTryCompileExec.dir/build
make[1]: Entering directory `/home/fellipe/osg/CMakeFiles/CMakeTmp'
/usr/bin/cmake -E cmake_progress_report /home/fellipe/osg/CMakeFiles/CMakeTmp/CMakeFiles 1
Building C object CMakeFiles/cmTryCompileExec.dir/CheckFunctionExists.c.o
/usr/bin/gcc  -D_GNU_SOURCE -DCHECK_FUNCTION_EXISTS=pthread_setaffinity_np   -o CMakeFiles/cmTryCompileExec.dir/CheckFunctionExists.c.o   -c /usr/share/cmake-2.8/Modules/CheckFunctionExists.c
Linking C executable cmTryCompileExec
/usr/bin/cmake -E cmake_link_script CMakeFiles/cmTryCompileExec.dir/link.txt --verbose=1
/usr/bin/gcc     -DCHECK_FUNCTION_EXISTS=pthread_setaffinity_np    CMakeFiles/cmTryCompileExec.dir/CheckFunctionExists.c.o  -o cmTryCompileExec -rdynamic 
CMakeFiles/cmTryCompileExec.dir/CheckFunctionExists.c.o: In function `main':
CheckFunctionExists.c:(.text+0x15): undefined reference to `pthread_setaffinity_np'
collect2: ld returned 1 exit status
make[1]: *** [cmTryCompileExec] Error 1
make[1]: Leaving directory `/home/fellipe/osg/CMakeFiles/CMakeTmp'
make: *** [cmTryCompileExec/fast] Error 2


Determining if the function socket exists in the socket failed with the following output:
Change Dir: /home/fellipe/osg/CMakeFiles/CMakeTmp

Run Build Command:/usr/bin/make "cmTryCompileExec/fast"
/usr/bin/make -f CMakeFiles/cmTryCompileExec.dir/build.make CMakeFiles/cmTryCompileExec.dir/build
make[1]: Entering directory `/home/fellipe/osg/CMakeFiles/CMakeTmp'
/usr/bin/cmake -E cmake_progress_report /home/fellipe/osg/CMakeFiles/CMakeTmp/CMakeFiles 1
Building C object CMakeFiles/cmTryCompileExec.dir/CheckFunctionExists.c.o
/usr/bin/gcc   -DCHECK_FUNCTION_EXISTS=socket   -o CMakeFiles/cmTryCompileExec.dir/CheckFunctionExists.c.o   -c /usr/share/cmake-2.8/Modules/CheckFunctionExists.c
Linking C executable cmTryCompileExec
/usr/bin/cmake -E cmake_link_script CMakeFiles/cmTryCompileExec.dir/link.txt --verbose=1
/usr/bin/gcc     -DCHECK_FUNCTION_EXISTS=socket    CMakeFiles/cmTryCompileExec.dir/CheckFunctionExists.c.o  -o cmTryCompileExec -rdynamic -lsocket 
/usr/bin/ld: cannot find -lsocket
collect2: ld returned 1 exit status
make[1]: *** [cmTryCompileExec] Error 1
make[1]: Leaving directory `/home/fellipe/osg/CMakeFiles/CMakeTmp'
make: *** [cmTryCompileExec/fast] Error 2


